<?xml version="1.0" encoding="UTF-8"?>
<!-- Generated by org.testng.reporters.JUnitReportReporter -->
<testsuite skipped="0" hostname="DESKTOP-3GFSGOJ" name="com.test.gmail.Gmail_Title" tests="1" failures="0" timestamp="2020-04-03T23:07:30 IST" time="22.253" errors="0">
  <testcase name="title" time="22.253" classname="com.test.gmail.Gmail_Title"/>
</testsuite> <!-- com.test.gmail.Gmail_Title -->
